104 Gonzaga
329 Virginia
75 Duke
205 North Carolina
295 Texas Tech
169 Michigan St
114 Houston
289 Tennessee
137 Kentucky
168 Michigan
17 Auburn
236 Purdue
330 Virginia Tech
195 Nevada
32 Buffalo
92 Florida St
353 Youngstown St
348 Wofford
153 LSU
149 Louisville
198 New Mexico St
326 VCU
320 Utah St
172 Mississippi St
184 Murray St
133 Kansas
127 Iowa St
346 Wisconsin
47 Cincinnati
222 Oregon
143 Lipscomb
192 NC State
158 Marquette
279 St Mary's CA
21 Belmont
49 Clemson
308 UCF
160 Maryland
328 Villanova
292 Texas
327 Vermont
285 Syracuse
337 Washington
89 Florida
134 Kansas St
67 Dayton
246 S Dakota St
94 Fresno St
164 Memphis
218 Oklahoma
126 Iowa
171 Mississippi
112 Hofstra
217 Ohio St
142 Liberty
95 Furman
287 TCU
297 Toledo
253 San Francisco
305 UC Irvine
20 Baylor
60 Creighton
11 Arizona St
188 N Kentucky
14 Arkansas
54 Colorado
123 Indiana
352 Yale
194 Nebraska
66 Davidson
209 Northeastern
226 Penn St
177 Montana
83 ETSU
288 Temple
343 Wichita St
349 Wright St
166 Miami FL
316 USC
261 Seton Hall
10 Arizona
170 Minnesota
52 Col Charleston
321 Utah Valley
269 South Florida
4 Alabama
223 Oregon St
313 UNC Greensboro
152 Loyola-Chicago
34 BYU
351 Xavier
278 St Louis
251 San Diego
220 Old Dominion
53 Colgate
229 Pittsburgh
106 Grand Canyon
97 Ga Southern
309 UCLA
57 Connecticut
33 Butler
3 Akron
235 Providence
131 Jacksonville St
276 St John's
212 Northwestern
273 St Bonaventure
214 Notre Dame
73 Drake
173 Missouri
252 San Diego St
267 South Carolina
31 Bucknell
27 Bowling Green
18 Austin Peay
265 SMU
100 Georgetown
293 Texas A&M
319 Utah
103 Georgia Tech
281 Stanford
25 Boston College
283 Stony Brook
301 Tulsa
35 C Michigan
238 Radford
347 WKU
102 Georgia St
225 Penn
294 Texas St
24 Boise St
1 Abilene Chr
244 Rutgers
239 Rhode Island
71 DePaul
148 Louisiana Tech
19 Ball St
150 Loy Marymount
109 Harvard
99 George Mason
120 Illinois
310 ULM
307 UC Santa Barbara
247 S Illinois
270 Southern Miss
315 UNLV
250 Samford
187 N Illinois
76 Duquesne
29 Brown
303 UAB
101 Georgia
110 Hawaii
219 Oklahoma St
136 Kent
159 Marshall
208 North Texas
185 N Colorado
340 West Virginia
141 Lehigh
260 Seattle
318 UT San Antonio
339 Weber St
43 Charleston So
51 Coastal Car
193 NE Omaha
108 Hartford
28 Bradley
249 Sam Houston St
98 Gardner Webb
302 TX Southern
85 F Dickinson
125 Iona
227 Pepperdine
8 American Univ
323 UTRGV
242 Rider
215 Oakland
128 IUPUI
55 Colorado St
107 Hampton
232 Prairie View
167 Miami OH
341 WI Green_Bay
202 NJIT
277 St Joseph's PA
241 Richmond
228 PFW
317 UT Arlington
345 Winthrop
325 Vanderbilt
233 Presbyterian
87 FL Atlantic
175 Missouri St
119 IL Chicago
186 N Dakota St
39 Campbell
147 Louisiana
197 New Mexico
211 Northern Iowa
237 Quinnipiac
79 E Michigan
311 UMBC
140 Lamar
121 Illinois St
207 North Florida
36 Cal Baptist
62 CS Fullerton
161 Massachusetts
255 Santa Clara
248 Sacred Heart
263 Siena
344 William & Mary
203 Norfolk St
234 Princeton
80 E Washington
144 LIU Brooklyn
275 St Francis PA
336 Wake Forest
266 South Alabama
216 Ohio
178 Montana St
124 Indiana St
113 Holy Cross
93 Fordham
268 South Dakota
91 Florida Intl
243 Robert Morris
105 Grambling
165 Mercer
88 FL Gulf Coast
338 Washington St
324 Valparaiso
138 La Salle
26 Boston Univ
65 Dartmouth
111 High Point
258 SE Louisiana
224 Pacific
145 Long Beach St
12 Ark Little Rock
56 Columbia
84 Evansville
61 CS Bakersfield
9 Appalachian St
64 CS Sacramento
154 MA_Lowell
199 New Orleans
272 Southern Utah
2 Air Force
16 Army
40 Canisius
274 St Francis NY
63 CS Northridge
231 Portland St
157 Marist
284 SUNY Albany
74 Drexel
240 Rice
72 Detroit
68 Delaware
191 NC Central
304 UC Davis
86 Fairfield
59 Cornell
299 Troy
174 Missouri KC
183 MTSU
190 NC A&T
286 TAM C. Christi
50 Cleveland St
298 Towson
115 Houston Bap
96 G Washington
314 UNC Wilmington
206 North Dakota
176 Monmouth NJ
38 California
15 ArkansasSt
179 Morehead St
146 Longwood
132 James Madison
200 Niagara
78 E Kentucky
81 East Carolina
130 Jacksonville
151 Loyola MD
342 WI Milwaukee
210 Northern Arizona
335 Wagner
334 W Michigan
280 St Peter's
189 Navy
322 UTEP
139 Lafayette
22 Bethune-Cookman
262 SF Austin
44 Charlotte
116 Howard
156 Manhattan
48 Citadel
129 Jackson St
333 W Illinois
221 Oral Roberts
300 Tulane
41 Cent Arkansas
13 Ark Pine Bluff
45 Chattanooga
82 Elon
296 TN Martin
77 E Illinois
201 Nicholls St
6 Alabama St
42 Central Conn
118 Idaho St
70 Denver
259 SE Missouri St
290 Tennessee St
350 Wyoming
30 Bryant
332 W Carolina
180 Morgan St
182 Mt St Mary's
204 North Alabama
23 Binghamton
90 Florida A&M
306 UC Riverside
162 McNeese St
331 VMI
271 Southern Univ
291 Tennessee Tech
230 Portland
264 SIUE
245 S Carolina St
155 Maine
282 Stetson
37 Cal Poly
213 Northwestern LA
5 Alabama A&M
58 Coppin St
257 SC Upstate
256 Savannah St
117 Idaho
196 New Hampshire
135 Kennesaw
7 Alcorn St
122 Incarnate Word
254 San Jose St
181 MS Valley St
312 UNC Asheville
163 MD E Shore
69 Delaware St
46 Chicago St
Standard Error 44.6883
