104 Gonzaga
75 Duke
329 Virginia
205 North Carolina
295 Texas Tech
169 Michigan St
137 Kentucky
114 Houston
289 Tennessee
168 Michigan
17 Auburn
330 Virginia Tech
236 Purdue
92 Florida St
195 Nevada
153 LSU
149 Louisville
172 Mississippi St
326 VCU
32 Buffalo
348 Wofford
49 Clemson
192 NC State
133 Kansas
198 New Mexico St
158 Marquette
47 Cincinnati
308 UCF
127 Iowa St
292 Texas
320 Utah St
160 Maryland
222 Oregon
279 St Mary's CA
346 Wisconsin
285 Syracuse
184 Murray St
328 Villanova
89 Florida
337 Washington
67 Dayton
164 Memphis
143 Lipscomb
126 Iowa
21 Belmont
134 Kansas St
287 TCU
94 Fresno St
327 Vermont
171 Mississippi
218 Oklahoma
217 Ohio St
20 Baylor
14 Arkansas
60 Creighton
123 Indiana
11 Arizona St
246 S Dakota St
353 Youngstown St
194 Nebraska
253 San Francisco
54 Colorado
297 Toledo
66 Davidson
288 Temple
112 Hofstra
166 Miami FL
305 UC Irvine
142 Liberty
188 N Kentucky
95 Furman
226 Penn St
352 Yale
269 South Florida
10 Arizona
261 Seton Hall
316 USC
4 Alabama
170 Minnesota
351 Xavier
343 Wichita St
214 Notre Dame
57 Connecticut
309 UCLA
223 Oregon St
229 Pittsburgh
212 Northwestern
235 Providence
278 St Louis
209 Northeastern
173 Missouri
33 Butler
34 BYU
152 Loyola-Chicago
177 Montana
349 Wright St
276 St John's
267 South Carolina
83 ETSU
100 Georgetown
25 Boston College
52 Col Charleston
293 Texas A&M
220 Old Dominion
265 SMU
251 San Diego
103 Georgia Tech
252 San Diego St
301 Tulsa
71 DePaul
3 Akron
313 UNC Greensboro
321 Utah Valley
106 Grand Canyon
273 St Bonaventure
319 Utah
97 Ga Southern
244 Rutgers
73 Drake
281 Stanford
53 Colgate
120 Illinois
76 Duquesne
31 Bucknell
99 George Mason
315 UNLV
239 Rhode Island
101 Georgia
27 Bowling Green
347 WKU
24 Boise St
340 West Virginia
35 C Michigan
219 Oklahoma St
225 Penn
102 Georgia St
110 Hawaii
131 Jacksonville St
150 Loy Marymount
247 S Illinois
148 Louisiana Tech
294 Texas St
18 Austin Peay
310 ULM
283 Stony Brook
307 UC Santa Barbara
159 Marshall
19 Ball St
238 Radford
303 UAB
250 Samford
187 N Illinois
1 Abilene Chr
208 North Texas
260 Seattle
136 Kent
325 Vanderbilt
241 Richmond
55 Colorado St
270 Southern Miss
28 Bradley
29 Brown
339 Weber St
109 Harvard
323 UTRGV
318 UT San Antonio
277 St Joseph's PA
141 Lehigh
197 New Mexico
185 N Colorado
227 Pepperdine
85 F Dickinson
8 American Univ
193 NE Omaha
215 Oakland
125 Iona
108 Hartford
167 Miami OH
336 Wake Forest
43 Charleston So
121 Illinois St
51 Coastal Car
161 Massachusetts
341 WI Green_Bay
255 Santa Clara
175 Missouri St
211 Northern Iowa
128 IUPUI
228 PFW
242 Rider
79 E Michigan
317 UT Arlington
186 N Dakota St
249 Sam Houston St
98 Gardner Webb
119 IL Chicago
93 Fordham
202 NJIT
39 Campbell
147 Louisiana
338 Washington St
87 FL Atlantic
311 UMBC
237 Quinnipiac
216 Ohio
107 Hampton
266 South Alabama
138 La Salle
345 Winthrop
302 TX Southern
124 Indiana St
344 William & Mary
62 CS Fullerton
263 Siena
232 Prairie View
324 Valparaiso
233 Presbyterian
80 E Washington
140 Lamar
36 Cal Baptist
275 St Francis PA
268 South Dakota
224 Pacific
2 Air Force
178 Montana St
113 Holy Cross
207 North Florida
91 Florida Intl
248 Sacred Heart
234 Princeton
88 FL Gulf Coast
84 Evansville
165 Mercer
145 Long Beach St
243 Robert Morris
144 LIU Brooklyn
231 Portland St
38 California
203 Norfolk St
96 G Washington
12 Ark Little Rock
111 High Point
63 CS Northridge
65 Dartmouth
26 Boston Univ
40 Canisius
199 New Orleans
74 Drexel
64 CS Sacramento
272 Southern Utah
56 Columbia
258 SE Louisiana
9 Appalachian St
240 Rice
81 East Carolina
16 Army
105 Grambling
68 Delaware
61 CS Bakersfield
183 MTSU
274 St Francis NY
299 Troy
154 MA_Lowell
50 Cleveland St
72 Detroit
304 UC Davis
298 Towson
284 SUNY Albany
314 UNC Wilmington
174 Missouri KC
86 Fairfield
157 Marist
322 UTEP
44 Charlotte
286 TAM C. Christi
200 Niagara
59 Cornell
132 James Madison
300 Tulane
176 Monmouth NJ
15 ArkansasSt
179 Morehead St
206 North Dakota
191 NC Central
115 Houston Bap
190 NC A&T
342 WI Milwaukee
78 E Kentucky
334 W Michigan
262 SF Austin
280 St Peter's
189 Navy
139 Lafayette
146 Longwood
151 Loyola MD
210 Northern Arizona
335 Wagner
350 Wyoming
130 Jacksonville
156 Manhattan
82 Elon
48 Citadel
22 Bethune-Cookman
221 Oral Roberts
45 Chattanooga
116 Howard
333 W Illinois
296 TN Martin
129 Jackson St
77 E Illinois
70 Denver
41 Cent Arkansas
30 Bryant
259 SE Missouri St
118 Idaho St
13 Ark Pine Bluff
290 Tennessee St
332 W Carolina
6 Alabama St
201 Nicholls St
42 Central Conn
180 Morgan St
230 Portland
23 Binghamton
331 VMI
306 UC Riverside
182 Mt St Mary's
162 McNeese St
264 SIUE
291 Tennessee Tech
204 North Alabama
271 Southern Univ
90 Florida A&M
282 Stetson
37 Cal Poly
117 Idaho
213 Northwestern LA
155 Maine
254 San Jose St
5 Alabama A&M
245 S Carolina St
257 SC Upstate
58 Coppin St
196 New Hampshire
135 Kennesaw
256 Savannah St
122 Incarnate Word
7 Alcorn St
181 MS Valley St
312 UNC Asheville
163 MD E Shore
69 Delaware St
46 Chicago St
Standard Error 47.5946
