104 Gonzaga
329 Virginia
75 Duke
205 North Carolina
295 Texas Tech
169 Michigan St
114 Houston
137 Kentucky
289 Tennessee
353 Youngstown St
168 Michigan
236 Purdue
17 Auburn
330 Virginia Tech
195 Nevada
32 Buffalo
348 Wofford
92 Florida St
153 LSU
320 Utah St
198 New Mexico St
326 VCU
184 Murray St
149 Louisville
172 Mississippi St
133 Kansas
143 Lipscomb
127 Iowa St
21 Belmont
346 Wisconsin
222 Oregon
47 Cincinnati
279 St Mary's CA
192 NC State
158 Marquette
308 UCF
160 Maryland
49 Clemson
328 Villanova
327 Vermont
292 Texas
337 Washington
246 S Dakota St
89 Florida
285 Syracuse
134 Kansas St
67 Dayton
95 Furman
142 Liberty
112 Hofstra
218 Oklahoma
94 Fresno St
305 UC Irvine
164 Memphis
297 Toledo
126 Iowa
171 Mississippi
253 San Francisco
217 Ohio St
188 N Kentucky
20 Baylor
287 TCU
352 Yale
60 Creighton
11 Arizona St
54 Colorado
14 Arkansas
123 Indiana
194 Nebraska
177 Montana
66 Davidson
209 Northeastern
83 ETSU
226 Penn St
321 Utah Valley
288 Temple
349 Wright St
343 Wichita St
52 Col Charleston
313 UNC Greensboro
131 Jacksonville St
261 Seton Hall
53 Colgate
316 USC
166 Miami FL
10 Arizona
152 Loyola-Chicago
223 Oregon St
106 Grand Canyon
4 Alabama
97 Ga Southern
34 BYU
170 Minnesota
269 South Florida
251 San Diego
220 Old Dominion
351 Xavier
3 Akron
278 St Louis
33 Butler
229 Pittsburgh
18 Austin Peay
273 St Bonaventure
276 St John's
309 UCLA
57 Connecticut
73 Drake
235 Providence
31 Bucknell
27 Bowling Green
252 San Diego St
212 Northwestern
283 Stony Brook
238 Radford
214 Notre Dame
267 South Carolina
173 Missouri
1 Abilene Chr
35 C Michigan
225 Penn
265 SMU
102 Georgia St
294 Texas St
347 WKU
100 Georgetown
293 Texas A&M
109 Harvard
281 Stanford
319 Utah
103 Georgia Tech
24 Boise St
148 Louisiana Tech
19 Ball St
270 Southern Miss
239 Rhode Island
150 Loy Marymount
301 Tulsa
25 Boston College
310 ULM
244 Rutgers
307 UC Santa Barbara
247 S Illinois
71 DePaul
250 Samford
29 Brown
99 George Mason
187 N Illinois
120 Illinois
185 N Colorado
141 Lehigh
303 UAB
315 UNLV
136 Kent
302 TX Southern
208 North Texas
110 Hawaii
98 Gardner Webb
159 Marshall
51 Coastal Car
249 Sam Houston St
76 Duquesne
193 NE Omaha
43 Charleston So
108 Hartford
318 UT San Antonio
219 Oklahoma St
101 Georgia
339 Weber St
260 Seattle
242 Rider
232 Prairie View
340 West Virginia
85 F Dickinson
125 Iona
28 Bradley
8 American Univ
128 IUPUI
107 Hampton
227 Pepperdine
215 Oakland
233 Presbyterian
202 NJIT
323 UTRGV
345 Winthrop
167 Miami OH
341 WI Green_Bay
228 PFW
87 FL Atlantic
317 UT Arlington
186 N Dakota St
39 Campbell
119 IL Chicago
55 Colorado St
175 Missouri St
147 Louisiana
277 St Joseph's PA
237 Quinnipiac
140 Lamar
211 Northern Iowa
241 Richmond
207 North Florida
325 Vanderbilt
197 New Mexico
311 UMBC
79 E Michigan
36 Cal Baptist
248 Sacred Heart
203 Norfolk St
62 CS Fullerton
234 Princeton
121 Illinois St
144 LIU Brooklyn
344 William & Mary
263 Siena
80 E Washington
275 St Francis PA
178 Montana St
105 Grambling
113 Holy Cross
255 Santa Clara
161 Massachusetts
266 South Alabama
243 Robert Morris
268 South Dakota
91 Florida Intl
124 Indiana St
165 Mercer
216 Ohio
26 Boston Univ
65 Dartmouth
258 SE Louisiana
88 FL Gulf Coast
336 Wake Forest
61 CS Bakersfield
111 High Point
56 Columbia
12 Ark Little Rock
93 Fordham
324 Valparaiso
154 MA_Lowell
9 Appalachian St
145 Long Beach St
224 Pacific
64 CS Sacramento
84 Evansville
16 Army
138 La Salle
272 Southern Utah
338 Washington St
274 St Francis NY
199 New Orleans
157 Marist
40 Canisius
2 Air Force
191 NC Central
284 SUNY Albany
63 CS Northridge
231 Portland St
72 Detroit
74 Drexel
68 Delaware
240 Rice
86 Fairfield
59 Cornell
304 UC Davis
190 NC A&T
174 Missouri KC
299 Troy
183 MTSU
286 TAM C. Christi
115 Houston Bap
206 North Dakota
298 Towson
50 Cleveland St
146 Longwood
176 Monmouth NJ
314 UNC Wilmington
130 Jacksonville
179 Morehead St
151 Loyola MD
15 ArkansasSt
78 E Kentucky
132 James Madison
200 Niagara
210 Northern Arizona
342 WI Milwaukee
96 G Washington
335 Wagner
334 W Michigan
22 Bethune-Cookman
189 Navy
38 California
280 St Peter's
116 Howard
81 East Carolina
139 Lafayette
262 SF Austin
322 UTEP
129 Jackson St
156 Manhattan
13 Ark Pine Bluff
333 W Illinois
41 Cent Arkansas
48 Citadel
44 Charlotte
221 Oral Roberts
45 Chattanooga
201 Nicholls St
6 Alabama St
77 E Illinois
296 TN Martin
42 Central Conn
82 Elon
118 Idaho St
300 Tulane
290 Tennessee St
70 Denver
259 SE Missouri St
204 North Alabama
332 W Carolina
30 Bryant
180 Morgan St
182 Mt St Mary's
90 Florida A&M
350 Wyoming
23 Binghamton
306 UC Riverside
162 McNeese St
331 VMI
271 Southern Univ
291 Tennessee Tech
245 S Carolina St
264 SIUE
230 Portland
155 Maine
282 Stetson
37 Cal Poly
213 Northwestern LA
58 Coppin St
5 Alabama A&M
257 SC Upstate
256 Savannah St
117 Idaho
196 New Hampshire
7 Alcorn St
122 Incarnate Word
135 Kennesaw
181 MS Valley St
254 San Jose St
312 UNC Asheville
163 MD E Shore
69 Delaware St
46 Chicago St
SIZES 64 64
