104 Gonzaga
75 Duke
329 Virginia
205 North Carolina
295 Texas Tech
169 Michigan St
137 Kentucky
114 Houston
289 Tennessee
168 Michigan
17 Auburn
236 Purdue
330 Virginia Tech
195 Nevada
92 Florida St
32 Buffalo
153 LSU
348 Wofford
149 Louisville
326 VCU
172 Mississippi St
198 New Mexico St
320 Utah St
133 Kansas
353 Youngstown St
127 Iowa St
49 Clemson
192 NC State
184 Murray St
47 Cincinnati
158 Marquette
222 Oregon
346 Wisconsin
308 UCF
279 St Mary's CA
160 Maryland
292 Texas
143 Lipscomb
21 Belmont
328 Villanova
285 Syracuse
337 Washington
89 Florida
327 Vermont
67 Dayton
134 Kansas St
164 Memphis
126 Iowa
94 Fresno St
218 Oklahoma
171 Mississippi
246 S Dakota St
287 TCU
217 Ohio St
20 Baylor
60 Creighton
14 Arkansas
253 San Francisco
11 Arizona St
123 Indiana
112 Hofstra
95 Furman
142 Liberty
297 Toledo
54 Colorado
305 UC Irvine
188 N Kentucky
194 Nebraska
352 Yale
66 Davidson
226 Penn St
288 Temple
209 Northeastern
166 Miami FL
177 Montana
343 Wichita St
10 Arizona
261 Seton Hall
316 USC
269 South Florida
83 ETSU
4 Alabama
170 Minnesota
223 Oregon St
349 Wright St
351 Xavier
52 Col Charleston
57 Connecticut
34 BYU
278 St Louis
152 Loyola-Chicago
309 UCLA
229 Pittsburgh
235 Providence
321 Utah Valley
33 Butler
220 Old Dominion
251 San Diego
214 Notre Dame
276 St John's
313 UNC Greensboro
212 Northwestern
106 Grand Canyon
173 Missouri
3 Akron
97 Ga Southern
53 Colgate
267 South Carolina
273 St Bonaventure
293 Texas A&M
252 San Diego St
100 Georgetown
265 SMU
73 Drake
25 Boston College
131 Jacksonville St
31 Bucknell
103 Georgia Tech
319 Utah
301 Tulsa
281 Stanford
27 Bowling Green
71 DePaul
244 Rutgers
18 Austin Peay
347 WKU
35 C Michigan
225 Penn
239 Rhode Island
102 Georgia St
24 Boise St
99 George Mason
120 Illinois
283 Stony Brook
238 Radford
294 Texas St
148 Louisiana Tech
76 Duquesne
150 Loy Marymount
315 UNLV
1 Abilene Chr
19 Ball St
247 S Illinois
310 ULM
101 Georgia
307 UC Santa Barbara
110 Hawaii
219 Oklahoma St
109 Harvard
250 Samford
340 West Virginia
187 N Illinois
303 UAB
270 Southern Miss
159 Marshall
29 Brown
136 Kent
208 North Texas
141 Lehigh
260 Seattle
185 N Colorado
339 Weber St
318 UT San Antonio
28 Bradley
193 NE Omaha
323 UTRGV
51 Coastal Car
227 Pepperdine
108 Hartford
43 Charleston So
55 Colorado St
85 F Dickinson
8 American Univ
125 Iona
249 Sam Houston St
215 Oakland
241 Richmond
98 Gardner Webb
325 Vanderbilt
277 St Joseph's PA
242 Rider
128 IUPUI
167 Miami OH
341 WI Green_Bay
197 New Mexico
302 TX Southern
202 NJIT
175 Missouri St
228 PFW
317 UT Arlington
107 Hampton
186 N Dakota St
119 IL Chicago
211 Northern Iowa
87 FL Atlantic
39 Campbell
345 Winthrop
232 Prairie View
147 Louisiana
121 Illinois St
237 Quinnipiac
79 E Michigan
233 Presbyterian
311 UMBC
161 Massachusetts
255 Santa Clara
336 Wake Forest
140 Lamar
62 CS Fullerton
36 Cal Baptist
216 Ohio
93 Fordham
266 South Alabama
344 William & Mary
263 Siena
207 North Florida
338 Washington St
80 E Washington
248 Sacred Heart
275 St Francis PA
124 Indiana St
138 La Salle
234 Princeton
268 South Dakota
144 LIU Brooklyn
178 Montana St
203 Norfolk St
113 Holy Cross
324 Valparaiso
91 Florida Intl
165 Mercer
224 Pacific
243 Robert Morris
88 FL Gulf Coast
26 Boston Univ
145 Long Beach St
84 Evansville
111 High Point
12 Ark Little Rock
65 Dartmouth
105 Grambling
2 Air Force
258 SE Louisiana
56 Columbia
9 Appalachian St
64 CS Sacramento
199 New Orleans
272 Southern Utah
40 Canisius
61 CS Bakersfield
231 Portland St
16 Army
63 CS Northridge
154 MA_Lowell
274 St Francis NY
74 Drexel
240 Rice
68 Delaware
284 SUNY Albany
72 Detroit
157 Marist
304 UC Davis
96 G Washington
183 MTSU
299 Troy
38 California
86 Fairfield
174 Missouri KC
59 Cornell
191 NC Central
298 Towson
50 Cleveland St
81 East Carolina
286 TAM C. Christi
314 UNC Wilmington
190 NC A&T
115 Houston Bap
206 North Dakota
176 Monmouth NJ
200 Niagara
132 James Madison
15 ArkansasSt
179 Morehead St
78 E Kentucky
146 Longwood
342 WI Milwaukee
322 UTEP
151 Loyola MD
130 Jacksonville
334 W Michigan
210 Northern Arizona
44 Charlotte
280 St Peter's
189 Navy
335 Wagner
262 SF Austin
139 Lafayette
22 Bethune-Cookman
300 Tulane
156 Manhattan
48 Citadel
116 Howard
221 Oral Roberts
82 Elon
129 Jackson St
333 W Illinois
45 Chattanooga
41 Cent Arkansas
350 Wyoming
77 E Illinois
296 TN Martin
13 Ark Pine Bluff
70 Denver
6 Alabama St
201 Nicholls St
118 Idaho St
259 SE Missouri St
42 Central Conn
30 Bryant
290 Tennessee St
332 W Carolina
180 Morgan St
182 Mt St Mary's
23 Binghamton
306 UC Riverside
204 North Alabama
162 McNeese St
331 VMI
90 Florida A&M
230 Portland
291 Tennessee Tech
264 SIUE
271 Southern Univ
282 Stetson
155 Maine
245 S Carolina St
37 Cal Poly
213 Northwestern LA
5 Alabama A&M
58 Coppin St
117 Idaho
257 SC Upstate
256 Savannah St
196 New Hampshire
254 San Jose St
135 Kennesaw
122 Incarnate Word
7 Alcorn St
181 MS Valley St
312 UNC Asheville
163 MD E Shore
69 Delaware St
46 Chicago St
SIZES 64 64
