104 Gonzaga
75 Duke
329 Virginia
205 North Carolina
295 Texas Tech
169 Michigan St
114 Houston
137 Kentucky
289 Tennessee
330 Virginia Tech
17 Auburn
236 Purdue
168 Michigan
353 Youngstown St
195 Nevada
32 Buffalo
348 Wofford
92 Florida St
153 LSU
198 New Mexico St
149 Louisville
320 Utah St
326 VCU
184 Murray St
192 NC State
172 Mississippi St
127 Iowa St
133 Kansas
143 Lipscomb
346 Wisconsin
21 Belmont
47 Cincinnati
222 Oregon
158 Marquette
308 UCF
49 Clemson
279 St Mary's CA
160 Maryland
327 Vermont
328 Villanova
246 S Dakota St
292 Texas
285 Syracuse
89 Florida
337 Washington
67 Dayton
134 Kansas St
95 Furman
112 Hofstra
164 Memphis
218 Oklahoma
94 Fresno St
126 Iowa
305 UC Irvine
297 Toledo
142 Liberty
217 Ohio St
253 San Francisco
171 Mississippi
20 Baylor
194 Nebraska
188 N Kentucky
60 Creighton
287 TCU
123 Indiana
14 Arkansas
54 Colorado
352 Yale
11 Arizona St
177 Montana
66 Davidson
226 Penn St
83 ETSU
209 Northeastern
349 Wright St
288 Temple
166 Miami FL
321 Utah Valley
343 Wichita St
10 Arizona
261 Seton Hall
316 USC
52 Col Charleston
152 Loyola-Chicago
106 Grand Canyon
131 Jacksonville St
313 UNC Greensboro
4 Alabama
229 Pittsburgh
53 Colgate
34 BYU
170 Minnesota
223 Oregon St
269 South Florida
97 Ga Southern
251 San Diego
3 Akron
351 Xavier
220 Old Dominion
278 St Louis
273 St Bonaventure
33 Butler
309 UCLA
57 Connecticut
31 Bucknell
235 Providence
212 Northwestern
252 San Diego St
276 St John's
18 Austin Peay
27 Bowling Green
73 Drake
214 Notre Dame
267 South Carolina
283 Stony Brook
281 Stanford
238 Radford
173 Missouri
19 Ball St
24 Boise St
103 Georgia Tech
265 SMU
35 C Michigan
293 Texas A&M
319 Utah
294 Texas St
100 Georgetown
109 Harvard
225 Penn
270 Southern Miss
347 WKU
102 Georgia St
244 Rutgers
1 Abilene Chr
25 Boston College
148 Louisiana Tech
150 Loy Marymount
301 Tulsa
239 Rhode Island
120 Illinois
310 ULM
71 DePaul
307 UC Santa Barbara
250 Samford
247 S Illinois
29 Brown
187 N Illinois
99 George Mason
315 UNLV
185 N Colorado
303 UAB
141 Lehigh
208 North Texas
136 Kent
318 UT San Antonio
110 Hawaii
98 Gardner Webb
76 Duquesne
43 Charleston So
51 Coastal Car
108 Hartford
302 TX Southern
101 Georgia
219 Oklahoma St
260 Seattle
193 NE Omaha
249 Sam Houston St
339 Weber St
340 West Virginia
28 Bradley
242 Rider
159 Marshall
233 Presbyterian
125 Iona
227 Pepperdine
128 IUPUI
85 F Dickinson
8 American Univ
107 Hampton
232 Prairie View
215 Oakland
323 UTRGV
202 NJIT
341 WI Green_Bay
167 Miami OH
345 Winthrop
175 Missouri St
55 Colorado St
317 UT Arlington
87 FL Atlantic
228 PFW
119 IL Chicago
186 N Dakota St
147 Louisiana
39 Campbell
277 St Joseph's PA
241 Richmond
140 Lamar
211 Northern Iowa
237 Quinnipiac
325 Vanderbilt
197 New Mexico
36 Cal Baptist
79 E Michigan
311 UMBC
248 Sacred Heart
207 North Florida
62 CS Fullerton
121 Illinois St
203 Norfolk St
144 LIU Brooklyn
344 William & Mary
161 Massachusetts
80 E Washington
234 Princeton
263 Siena
113 Holy Cross
105 Grambling
275 St Francis PA
165 Mercer
26 Boston Univ
178 Montana St
336 Wake Forest
124 Indiana St
268 South Dakota
243 Robert Morris
88 FL Gulf Coast
56 Columbia
12 Ark Little Rock
266 South Alabama
91 Florida Intl
93 Fordham
111 High Point
216 Ohio
65 Dartmouth
154 MA_Lowell
255 Santa Clara
61 CS Bakersfield
324 Valparaiso
9 Appalachian St
145 Long Beach St
224 Pacific
64 CS Sacramento
258 SE Louisiana
84 Evansville
138 La Salle
16 Army
157 Marist
274 St Francis NY
40 Canisius
272 Southern Utah
338 Washington St
191 NC Central
63 CS Northridge
231 Portland St
2 Air Force
199 New Orleans
284 SUNY Albany
240 Rice
304 UC Davis
74 Drexel
59 Cornell
86 Fairfield
72 Detroit
68 Delaware
299 Troy
190 NC A&T
174 Missouri KC
183 MTSU
286 TAM C. Christi
50 Cleveland St
115 Houston Bap
206 North Dakota
298 Towson
146 Longwood
130 Jacksonville
15 ArkansasSt
179 Morehead St
314 UNC Wilmington
151 Loyola MD
200 Niagara
342 WI Milwaukee
176 Monmouth NJ
210 Northern Arizona
132 James Madison
78 E Kentucky
96 G Washington
38 California
334 W Michigan
189 Navy
335 Wagner
116 Howard
280 St Peter's
322 UTEP
22 Bethune-Cookman
262 SF Austin
81 East Carolina
139 Lafayette
156 Manhattan
333 W Illinois
221 Oral Roberts
201 Nicholls St
129 Jackson St
44 Charlotte
48 Citadel
13 Ark Pine Bluff
45 Chattanooga
41 Cent Arkansas
118 Idaho St
6 Alabama St
300 Tulane
296 TN Martin
42 Central Conn
82 Elon
77 E Illinois
259 SE Missouri St
204 North Alabama
70 Denver
332 W Carolina
290 Tennessee St
182 Mt St Mary's
30 Bryant
90 Florida A&M
180 Morgan St
306 UC Riverside
23 Binghamton
350 Wyoming
162 McNeese St
331 VMI
271 Southern Univ
230 Portland
245 S Carolina St
264 SIUE
155 Maine
291 Tennessee Tech
37 Cal Poly
282 Stetson
257 SC Upstate
213 Northwestern LA
5 Alabama A&M
58 Coppin St
117 Idaho
196 New Hampshire
256 Savannah St
135 Kennesaw
7 Alcorn St
122 Incarnate Word
181 MS Valley St
254 San Jose St
312 UNC Asheville
163 MD E Shore
69 Delaware St
46 Chicago St
Standard Error 44.8865
